size: 20.000000
Number of cells per process: 894 * 447
Scale: 44.700000
Lower cell bound: 0 Upper cell bound: 447
size: 20.000000
pid: 1 Lower cell bound: 447 Upper cell bound: 894
pid: 0 Lower cell bound: 0 Upper cell bound: 447
n = 40000, simulation time = 9.17019 seconds
n = 40000, simulation time = 9.17033 seconds
size: 20.000000
Number of cells per process: 892 * 223
Scale: 44.600000
Lower cell bound: 0 Upper cell bound: 223
size: 20.000000
pid: 1 Lower cell bound: 223 Upper cell bound: 446
size: 20.000000
pid: 3 Lower cell bound: 669 Upper cell bound: 892
size: 20.000000
pid: 2 Lower cell bound: 446 Upper cell bound: 669
pid: 0 Lower cell bound: 0 Upper cell bound: 223
n = 40000, simulation time = 6.37624 seconds
n = 40000, simulation time = 6.37624 seconds
n = 40000, simulation time = 6.37629 seconds
n = 40000, simulation time = 6.37646 seconds
size: 20.000000
pid: 1 Lower cell bound: 111 Upper cell bound: 222
size: 20.000000
pid: 4 Lower cell bound: 444 Upper cell bound: 555
size: 20.000000
Number of cells per process: 888 * 111
Scale: 44.400000
Lower cell bound: 0 Upper cell bound: 111
size: 20.000000
pid: 2 Lower cell bound: 222 Upper cell bound: 333
size: 20.000000
pid: 3 Lower cell bound: 333 Upper cell bound: 444
size: 20.000000
pid: 5 Lower cell bound: 555 Upper cell bound: 666
size: 20.000000
pid: 6 Lower cell bound: 666 Upper cell bound: 777
size: 20.000000
pid: 7 Lower cell bound: 777 Upper cell bound: 888
pid: 0 Lower cell bound: 0 Upper cell bound: 111
n = 40000, simulation time = 6.16595 seconds
n = 40000, simulation time = 6.1686 seconds
n = 40000, simulation time = 6.16878 seconds
n = 40000, simulation time = 6.16903 seconds
n = 40000, simulation time = 6.16904 seconds
n = 40000, simulation time = 6.16913 seconds
n = 40000, simulation time = 6.16925 seconds
n = 40000, simulation time = 6.16914 seconds
